<?xml version="1.0" encoding="UTF-8"?>
<testng-results skipped="0" failed="0" ignored="0" total="1" passed="1">
  <reporter-output>
  </reporter-output>
  <suite name="Regression" duration-ms="13585" started-at="2021-03-22T12:46:39 EDT" finished-at="2021-03-22T12:46:52 EDT">
    <groups>
    </groups>
    <test name="LoginTest" duration-ms="13585" started-at="2021-03-22T12:46:39 EDT" finished-at="2021-03-22T12:46:52 EDT">
      <class name="test.BankAndCashTest">
        <test-method status="PASS" signature="validUserShouldAbleToAddNewAccount(java.lang.String, java.lang.String, java.lang.String, java.lang.String, java.lang.String, java.lang.String, java.lang.String, java.lang.String)[pri:0, instance:test.BankAndCashTest@4973813a]" name="validUserShouldAbleToAddNewAccount" duration-ms="13540" started-at="2021-03-22T12:46:39 EDT" finished-at="2021-03-22T12:46:52 EDT">
          <params>
            <param index="0">
              <value>
                <![CDATA[demo@techfios.com]]>
              </value>
            </param>
            <param index="1">
              <value>
                <![CDATA[abc123]]>
              </value>
            </param>
            <param index="2">
              <value>
                <![CDATA[Checking]]>
              </value>
            </param>
            <param index="3">
              <value>
                <![CDATA[WhatEver]]>
              </value>
            </param>
            <param index="4">
              <value>
                <![CDATA[1500]]>
              </value>
            </param>
            <param index="5">
              <value>
                <![CDATA[4560782]]>
              </value>
            </param>
            <param index="6">
              <value>
                <![CDATA[Ripon Md]]>
              </value>
            </param>
            <param index="7">
              <value>
                <![CDATA[646500]]>
              </value>
            </param>
          </params>
          <reporter-output>
          </reporter-output>
        </test-method> <!-- validUserShouldAbleToAddNewAccount -->
      </class> <!-- test.BankAndCashTest -->
    </test> <!-- LoginTest -->
  </suite> <!-- Regression -->
</testng-results>
